<?xml version="1.0" encoding="UTF-8"?>
<!-- Generated by org.testng.reporters.JUnitReportReporter -->
<testsuite skipped="0" hostname="Saravanans-MBP" name="TC001_Request" tests="1" failures="0" timestamp="2020-01-10T17:58:42 PST" time="3.139" errors="0">
  <testcase name="getweatherDeatils" time="3.139" classname="TC001_Request"/>
  <system-out/>
</testsuite> <!-- TC001_Request -->
