<?xml version="1.0" encoding="UTF-8"?>
<!-- Generated by org.testng.reporters.JUnitReportReporter -->
<testsuite skipped="0" hostname="Saravanans-MBP" name="qaclickacademy.AppTest" tests="1" failures="0" timestamp="2019-11-13T18:49:08 PST" time="0.002" errors="0">
  <testcase name="testApp" time="0.002" classname="qaclickacademy.AppTest"/>
</testsuite> <!-- qaclickacademy.AppTest -->
