<?xml version="1.0" encoding="UTF-8"?>
<!-- Generated by org.testng.reporters.JUnitReportReporter -->
<testsuite skipped="0" hostname="Saravanans-MBP" name="qaclickacademy.HomePage" tests="2" failures="0" timestamp="2019-11-13T18:49:08 PST" time="17.944" errors="0">
  <testcase name="basePageNavigation" time="5.844" classname="qaclickacademy.HomePage"/>
  <testcase name="basePageNavigation" time="12.100" classname="qaclickacademy.HomePage"/>
</testsuite> <!-- qaclickacademy.HomePage -->
