<?xml version="1.0" encoding="UTF-8"?>
<!-- Generated by org.testng.reporters.JUnitReportReporter -->
<testsuite skipped="0" hostname="Saravanans-MBP" name="test.basic2" tests="2" failures="0" timestamp="2019-09-17T16:29:36 PDT" time="0.005" errors="0">
  <testcase name="loginAPI" time="0.002" classname="test.basic2"/>
  <testcase name="login" time="0.003" classname="test.basic2"/>
</testsuite> <!-- test.basic2 -->
