<?xml version="1.0" encoding="UTF-8"?>
<!-- Generated by org.testng.reporters.JUnitReportReporter -->
<testsuite skipped="0" hostname="Saravanans-MBP" name="test.basic3" tests="3" failures="0" timestamp="2019-09-17T16:29:36 PDT" time="0.010" errors="0">
  <testcase name="loginAPI" time="0.003" classname="test.basic3"/>
  <testcase name="houselogin" time="0.004" classname="test.basic3"/>
  <testcase name="carlogin" time="0.003" classname="test.basic3"/>
</testsuite> <!-- test.basic3 -->
